INFO:root:Starting up for the first time...
INFO:root:Reading dictionary located at ./dict/sayings.txt
INFO:root:Connecting to twitter...
INFO:root:Connected.
INFO:root:Choosing word to tweet...
INFO:root:pointer = 1, rInt = 1, num_of_lines = 2 
INFO:root:Sending tweet...
INFO:tweepy.binder:PARAMS: {'status': b"I'm a robot!"}
ERROR:root:[{'message': 'Bad Authentication data.', 'code': 215}]
INFO:root:Caught a tweepy error. Trying again...
INFO:root:Connecting to twitter...
INFO:root:Connected.
INFO:root:Choosing word to tweet...
INFO:root:pointer = 0, rInt = 0, num_of_lines = 2 
INFO:root:Sending tweet...
INFO:tweepy.binder:PARAMS: {'status': b'Hello World!\n'}
ERROR:root:[{'message': 'Bad Authentication data.', 'code': 215}]
INFO:root:Caught a tweepy error. Trying again...
INFO:root:Starting up for the first time...
INFO:root:Reading dictionary located at ./dict/sayings.txt
INFO:root:Connecting to twitter...
INFO:root:Connected.
INFO:root:Choosing word to tweet...
INFO:root:Sending tweet...
INFO:tweepy.binder:PARAMS: {}
ERROR:root:[{'message': 'Bad Authentication data.', 'code': 215}]
INFO:root:Caught a tweepy error. Trying again...
INFO:root:Connecting to twitter...
INFO:root:Connected.
INFO:root:Choosing word to tweet...
INFO:root:pointer = 1, rInt = 1, num_of_lines = 2 
INFO:root:Sending tweet...
INFO:tweepy.binder:PARAMS: {'status': b"I'm a robot!"}
ERROR:root:[{'message': 'Bad Authentication data.', 'code': 215}]
INFO:root:Caught a tweepy error. Trying again...
INFO:root:Starting up for the first time...
INFO:root:Reading dictionary located at ./dict/sayings.txt
INFO:root:Connecting to twitter...
INFO:root:Connected.
INFO:root:Choosing word to tweet...
INFO:root:Sending tweet...
INFO:tweepy.binder:PARAMS: {}
ERROR:root:[{'message': 'Missing required parameter: status.', 'code': 170}]
INFO:root:Caught a tweepy error. Trying again...
INFO:root:Connecting to twitter...
INFO:root:Connected.
INFO:root:Choosing word to tweet...
INFO:root:Sending tweet...
INFO:tweepy.binder:PARAMS: {}
ERROR:root:[{'message': 'Missing required parameter: status.', 'code': 170}]
INFO:root:Caught a tweepy error. Trying again...
INFO:root:Starting up for the first time...
INFO:root:Reading dictionary located at ./dict/sayings.txt
INFO:root:Connecting to twitter...
INFO:root:Connected.
INFO:root:Choosing word to tweet...
INFO:root:pointer = 0, rInt = 0, num_of_lines = 4 
INFO:root:Sending tweet...
INFO:tweepy.binder:PARAMS: {'status': b'Hello World!\n'}
INFO:root:Tweet sent with the line: Hello World!
 at time 2017-09-04 12:41
INFO:root:Connecting to twitter...
INFO:root:Connected.
INFO:root:Choosing word to tweet...
INFO:root:pointer = 2, rInt = 2, num_of_lines = 4 
INFO:root:Sending tweet...
INFO:tweepy.binder:PARAMS: {'status': b'poop poop poop\n'}
INFO:root:Tweet sent with the line: poop poop poop
 at time 2017-09-04 12:49
INFO:root:Connecting to twitter...
INFO:root:Connected.
INFO:root:Choosing word to tweet...
INFO:root:pointer = 2, rInt = 2, num_of_lines = 4 
INFO:root:Sending tweet...
INFO:tweepy.binder:PARAMS: {'status': b'poop poop poop\n'}
ERROR:root:[{'code': 187, 'message': 'Status is a duplicate.'}]
INFO:root:Caught a tweepy error. Trying again...
INFO:root:Connecting to twitter...
INFO:root:Connected.
INFO:root:Choosing word to tweet...
INFO:root:pointer = 0, rInt = 0, num_of_lines = 4 
INFO:root:Sending tweet...
INFO:tweepy.binder:PARAMS: {'status': b'Hello World!\n'}
ERROR:root:[{'code': 187, 'message': 'Status is a duplicate.'}]
INFO:root:Caught a tweepy error. Trying again...
